2016-03-04T10:40:49.462Z - info: using screen resolution: 1920x1080
2016-03-04T10:40:49.515Z - info: Read signature file signatures/1920x1080signatures.json from disk
2016-03-04T10:40:49.516Z - info: Read signature file signatures/1920x1080inventory-signatures.json from disk
2016-03-04T10:40:49.516Z - info: setting signatures
2016-03-04T10:40:52.398Z - info: start detecting
2016-03-04T10:40:54.163Z - info: setting: INVENTORY
2016-03-04T10:40:54.163Z - info: changing game mode to INVENTORY
2016-03-04T10:40:54.164Z - info: setting subsigs
2016-03-04T10:40:56.261Z - info: STASH
2016-03-04T10:40:56.261Z - info: setting current sub section
2016-03-04T10:40:56.262Z - info: 1006
2016-03-04T10:41:00.670Z - info: getting current sub section
2016-03-04T10:41:00.670Z - info: 1006
2016-03-04T10:41:00.670Z - info: getting current area
2016-03-04T10:41:00.670Z - info: 7
2016-03-04T10:41:09.485Z - info: getting current sub section
2016-03-04T10:41:09.485Z - info: 1006
2016-03-04T10:41:09.485Z - info: getting current area
2016-03-04T10:41:09.485Z - info: 7
2016-03-04T10:41:45.184Z - info: getting current sub section
2016-03-04T10:41:45.184Z - info: 1006
2016-03-04T10:41:45.184Z - info: getting current area
2016-03-04T10:41:45.184Z - info: 7
2016-03-04T10:42:02.052Z - info: getting current sub section
2016-03-04T10:42:02.052Z - info: 1006
2016-03-04T10:42:02.052Z - info: getting current area
2016-03-04T10:42:02.052Z - info: 7
2016-03-04T10:42:28.797Z - info: getting current sub section
2016-03-04T10:42:28.797Z - info: 1006
2016-03-04T10:42:28.798Z - info: getting current area
2016-03-04T10:42:28.798Z - info: 7
2016-03-04T10:42:30.395Z - info: changing game mode to ARPG
2016-03-04T10:42:30.395Z - info: didnt found subsigs
2016-03-04T10:42:32.076Z - info: Signature not detected. Going into default game mode.
2016-03-04T10:43:11.142Z - info: changing game mode to OPTIONS_MENU
2016-03-04T10:43:11.143Z - info: entering menu
2016-03-04T10:43:13.944Z - info: changing game mode to INVENTORY
2016-03-04T10:43:13.944Z - info: setting subsigs
2016-03-04T10:43:14.692Z - info: setting: INVENTORY
2016-03-04T10:43:17.167Z - info: getting current sub section
2016-03-04T10:43:17.167Z - info: 
2016-03-04T10:43:17.167Z - info: getting current area
2016-03-04T10:43:17.167Z - info: 
2016-03-04T10:43:17.185Z - error: uncaughtException: object is not a function date=Fri Mar 04 2016 07:43:17 GMT-0300 (E. South America Standard Time), pid=8276, uid=null, gid=null, cwd=C:\Users\csiqueira\Documents\NetBeansProjects\PoEController, execPath=C:\Users\csiqueira\Documents\NetBeansProjects\PoEController\node_modules\nw\nwjs\nw.exe, version=v1.2.0, argv=[node], rss=118743040, heapTotal=22669056, heapUsed=12651152, loadavg=[0, 0, 0], uptime=111395.2402378, trace=[column=2, file=C:\Users\csiqueira\Documents\NetBeansProjects\PoEController\src\game\modes\Inventory.js, function=ChangeActiveInputArea, line=200, method=null, native=false, column=2, file=C:\Users\csiqueira\Documents\NetBeansProjects\PoEController\src\game\modes\Inventory.js, function=Object.EnterCurrentSubSection, line=151, method=EnterCurrentSubSection, native=false, column=13, file=C:\Users\csiqueira\Documents\NetBeansProjects\PoEController\src\game\modes\inventory\Bag.js, function=Object.behaviors.BagArea.Left, line=28, method=behaviors.BagArea.Left, native=false, column=29, file=C:\Users\csiqueira\Documents\NetBeansProjects\PoEController\src\game\Input.js, function=ActivateKey, line=122, method=null, native=false, column=4, file=C:\Users\csiqueira\Documents\NetBeansProjects\PoEController\src\game\Input.js, function=Object.ResolveDpadInput [as dpad], line=51, method=ResolveDpadInput [as dpad], native=false, column=8, file=C:\Users\csiqueira\Documents\NetBeansProjects\PoEController\src\game\modes\Inventory.js, function=Object.ResolveInput, line=327, method=ResolveInput, native=false, column=14, file=C:\Users\csiqueira\Documents\NetBeansProjects\PoEController\src\game\Mode.js, function=Object.ResolveInput [as solveInput], line=14, method=ResolveInput [as solveInput], native=false, column=9, file=C:\Users\csiqueira\Documents\NetBeansProjects\PoEController\src\game\Game.js, function=, line=36, method=null, native=false, column=14, file=timers.js, function=wrapper [as _onTimeout], line=237, method=null, native=false, column=15, file=timers.js, function=Timer.listOnTimeout, line=90, method=listOnTimeout, native=false], stack=[TypeError: object is not a function,     at ChangeActiveInputArea (C:\Users\csiqueira\Documents\NetBeansProjects\PoEController\src\game\modes\Inventory.js:200:2),     at Object.EnterCurrentSubSection (C:\Users\csiqueira\Documents\NetBeansProjects\PoEController\src\game\modes\Inventory.js:151:2),     at Object.behaviors.BagArea.Left (C:\Users\csiqueira\Documents\NetBeansProjects\PoEController\src\game\modes\inventory\Bag.js:28:13),     at ActivateKey (C:\Users\csiqueira\Documents\NetBeansProjects\PoEController\src\game\Input.js:122:29),     at Object.ResolveDpadInput [as dpad] (C:\Users\csiqueira\Documents\NetBeansProjects\PoEController\src\game\Input.js:51:4),     at Object.ResolveInput (C:\Users\csiqueira\Documents\NetBeansProjects\PoEController\src\game\modes\Inventory.js:327:8),     at Object.ResolveInput [as solveInput] (C:\Users\csiqueira\Documents\NetBeansProjects\PoEController\src\game\Mode.js:14:14),     at null.<anonymous> (C:\Users\csiqueira\Documents\NetBeansProjects\PoEController\src\game\Game.js:36:9),     at wrapper [as _onTimeout] (timers.js:237:14),     at Timer.listOnTimeout (timers.js:90:15)]
2016-03-04T10:45:12.979Z - info: stop detecting
